Using pre-set license
Built from '2021.2/staging' branch; Version is '2021.2.2f1 (5e2b1e92c7f8) revision 6171422'; Using compiler version '192829333'; Build Type 'Release'
OS: 'Windows 10 Home; OS build 22000.318; Version 2009; 64bit' Language: 'en' Physical Memory: 32688 MB
BatchMode: 1, IsHumanControllingUs: 0, StartBugReporterOnCrash: 0, Is64bit: 1, IsPro: 0

COMMAND LINE ARGUMENTS:
C:\Program Files\Unity\Hub\Editor\2021.2.2f1\Editor\Unity.exe
-adb2
-batchMode
-noUpm
-name
AssetImportWorker0
-projectPath
C:/Users/Ben/Documents/dev/CoffeeBreak
-logFile
Logs/AssetImportWorker0.log
-srvPort
63351
Successfully changed project path to: C:/Users/Ben/Documents/dev/CoffeeBreak
C:/Users/Ben/Documents/dev/CoffeeBreak
[UnityMemory] Configuration Parameters - Can be set up in boot.config
    "memorysetup-bucket-allocator-granularity=16"
    "memorysetup-bucket-allocator-bucket-count=8"
    "memorysetup-bucket-allocator-block-size=33554432"
    "memorysetup-bucket-allocator-block-count=8"
    "memorysetup-main-allocator-block-size=16777216"
    "memorysetup-thread-allocator-block-size=16777216"
    "memorysetup-gfx-main-allocator-block-size=16777216"
    "memorysetup-gfx-thread-allocator-block-size=16777216"
    "memorysetup-cache-allocator-block-size=4194304"
    "memorysetup-typetree-allocator-block-size=2097152"
    "memorysetup-profiler-bucket-allocator-granularity=16"
    "memorysetup-profiler-bucket-allocator-bucket-count=8"
    "memorysetup-profiler-bucket-allocator-block-size=33554432"
    "memorysetup-profiler-bucket-allocator-block-count=8"
    "memorysetup-profiler-allocator-block-size=16777216"
    "memorysetup-profiler-editor-allocator-block-size=1048576"
    "memorysetup-temp-allocator-size-main=16777216"
    "memorysetup-job-temp-allocator-block-size=2097152"
    "memorysetup-job-temp-allocator-block-size-background=1048576"
    "memorysetup-job-temp-allocator-reduction-small-platforms=262144"
    "memorysetup-temp-allocator-size-background-worker=32768"
    "memorysetup-temp-allocator-size-job-worker=262144"
    "memorysetup-temp-allocator-size-preload-manager=33554432"
    "memorysetup-temp-allocator-size-nav-mesh-worker=65536"
    "memorysetup-temp-allocator-size-audio-worker=65536"
    "memorysetup-temp-allocator-size-cloud-worker=32768"
    "memorysetup-temp-allocator-size-gi-baking-worker=262144"
    "memorysetup-temp-allocator-size-gfx=262144"
Refreshing native plugins compatible for Editor in 124.56 ms, found 4 plugins.
Preloading 0 native plugins for Editor in 0.00 ms.
Initialize engine version: 2021.2.2f1 (5e2b1e92c7f8)
[Subsystems] Discovering subsystems at path C:/Program Files/Unity/Hub/Editor/2021.2.2f1/Editor/Data/Resources/UnitySubsystems
[Subsystems] Discovering subsystems at path C:/Users/Ben/Documents/dev/CoffeeBreak/Assets
GfxDevice: creating device client; threaded=0; jobified=0
Direct3D:
    Version:  Direct3D 11.0 [level 11.1]
    Renderer: NVIDIA GeForce GTX 1080 (ID=0x1b80)
    Vendor:   NVIDIA
    VRAM:     8079 MB
    Driver:   30.0.14.7168
Initialize mono
Mono path[0] = 'C:/Program Files/Unity/Hub/Editor/2021.2.2f1/Editor/Data/Managed'
Mono path[1] = 'C:/Program Files/Unity/Hub/Editor/2021.2.2f1/Editor/Data/MonoBleedingEdge/lib/mono/unityjit-win32'
Mono config path = 'C:/Program Files/Unity/Hub/Editor/2021.2.2f1/Editor/Data/MonoBleedingEdge/etc'
Using monoOptions --debugger-agent=transport=dt_socket,embedding=1,server=y,suspend=n,address=127.0.0.1:56932
Begin MonoManager ReloadAssembly
Registering precompiled unity dll's ...
Register platform support module: C:/Program Files/Unity/Hub/Editor/2021.2.2f1/Editor/Data/PlaybackEngines/WebGLSupport/UnityEditor.WebGL.Extensions.dll
Register platform support module: C:/Program Files/Unity/Hub/Editor/2021.2.2f1/Editor/Data/PlaybackEngines/WindowsStandaloneSupport/UnityEditor.WindowsStandalone.Extensions.dll
Registered in 0.004103 seconds.
Native extension for WindowsStandalone target not found
Native extension for WebGL target not found
Refreshing native plugins compatible for Editor in 154.11 ms, found 4 plugins.
Preloading 0 native plugins for Editor in 0.00 ms.
Mono: successfully reloaded assembly
- Completed reload, in  0.638 seconds
Domain Reload Profiling:
	ReloadAssembly (638ms)
		BeginReloadAssembly (64ms)
			ExecutionOrderSort (0ms)
			DisableScriptedObjects (0ms)
			BackupInstance (0ms)
			ReleaseScriptingObjects (0ms)
			CreateAndSetChildDomain (1ms)
		EndReloadAssembly (504ms)
			LoadAssemblies (62ms)
			RebuildTransferFunctionScriptingTraits (0ms)
			SetupTypeCache (101ms)
			ReleaseScriptCaches (0ms)
			RebuildScriptCaches (26ms)
			SetupLoadedEditorAssemblies (331ms)
				LogAssemblyErrors (0ms)
				InitializePlatformSupportModulesInManaged (14ms)
				SetLoadedEditorAssemblies (0ms)
				RefreshPlugins (154ms)
				BeforeProcessingInitializeOnLoad (1ms)
				ProcessInitializeOnLoadAttributes (118ms)
				ProcessInitializeOnLoadMethodAttributes (43ms)
				AfterProcessingInitializeOnLoad (0ms)
				EditorAssembliesLoaded (0ms)
			ExecutionOrderSort2 (0ms)
			AwakeInstancesAfterBackupRestoration (0ms)
Platform modules already initialized, skipping
Registering precompiled user dll's ...
Registered in 0.005540 seconds.
Begin MonoManager ReloadAssembly
Symbol file LoadedFromMemory doesn't match image C:\Users\Ben\Documents\dev\CoffeeBreak\Library\PackageCache\com.unity.visualscripting@1.7.5\Editor\VisualScripting.Core\Dependencies\YamlDotNet\Unity.VisualScripting.YamlDotNet.dll
Symbol file LoadedFromMemory doesn't match image C:\Users\Ben\Documents\dev\CoffeeBreak\Library\PackageCache\com.unity.visualscripting@1.7.5\Editor\VisualScripting.Core\Dependencies\DotNetZip\Unity.VisualScripting.IonicZip.dll
Native extension for WindowsStandalone target not found
Native extension for WebGL target not found
Refreshing native plugins compatible for Editor in 133.15 ms, found 4 plugins.
Preloading 0 native plugins for Editor in 0.00 ms.
Mono: successfully reloaded assembly
- Completed reload, in  1.871 seconds
Domain Reload Profiling:
	ReloadAssembly (1872ms)
		BeginReloadAssembly (156ms)
			ExecutionOrderSort (0ms)
			DisableScriptedObjects (6ms)
			BackupInstance (0ms)
			ReleaseScriptingObjects (0ms)
			CreateAndSetChildDomain (17ms)
		EndReloadAssembly (1629ms)
			LoadAssemblies (71ms)
			RebuildTransferFunctionScriptingTraits (0ms)
			SetupTypeCache (270ms)
			ReleaseScriptCaches (1ms)
			RebuildScriptCaches (62ms)
			SetupLoadedEditorAssemblies (1116ms)
				LogAssemblyErrors (0ms)
				InitializePlatformSupportModulesInManaged (10ms)
				SetLoadedEditorAssemblies (0ms)
				RefreshPlugins (133ms)
				BeforeProcessingInitializeOnLoad (116ms)
				ProcessInitializeOnLoadAttributes (768ms)
				ProcessInitializeOnLoadMethodAttributes (84ms)
				AfterProcessingInitializeOnLoad (5ms)
				EditorAssembliesLoaded (0ms)
			ExecutionOrderSort2 (0ms)
			AwakeInstancesAfterBackupRestoration (5ms)
Platform modules already initialized, skipping
========================================================================
Worker process is ready to serve import requests
Launched and connected shader compiler UnityShaderCompiler.exe after 0.05 seconds
Refreshing native plugins compatible for Editor in 0.97 ms, found 4 plugins.
Preloading 0 native plugins for Editor in 0.00 ms.
Unloading 5640 Unused Serialized files (Serialized files now loaded: 0)
Unloading 56 unused Assets / (1.1 MB). Loaded Objects now: 6080.
Memory consumption went from 220.0 MB to 218.9 MB.
Total: 4.682200 ms (FindLiveObjects: 0.471700 ms CreateObjectMapping: 0.445200 ms MarkObjects: 3.319100 ms  DeleteObjects: 0.445000 ms)

AssetImportParameters requested are different than current active one (requested -> active):
  custom:video-decoder-ogg-theora: a1e56fd34408186e4bbccfd4996cb3dc -> 
  custom:container-muxer-webm: aa71ff27fc2769a1b78a27578f13a17b -> 
  custom:container-demuxer-webm: 4f35f7cbe854078d1ac9338744f61a02 -> 
  custom:video-encoder-webm-vp8: eb34c28f22e8b96e1ab97ce403110664 -> 
  custom:audio-encoder-webm-vorbis: bf7c407c2cedff20999df2af8eb42d56 -> 
  custom:framework-win-MediaFoundation: 216162199b28c13a410421893ffa2e32 -> 
  custom:container-demuxer-ogg: 62fdf1f143b41e24485cea50d1cbac27 -> 
  custom:video-decoder-webm-vp8: 9c59270c3fd7afecdb556c50c9e8de78 -> 
  custom:audio-decoder-ogg-vorbis: bf7c407c2cedff20999df2af8eb42d56 -> 
========================================================================
Received Import Request.
  Time since last request: 161134.606708 seconds.
  path: Assets/Content/UI/ui.png
  artifactKey: Guid(7213c0e582f07854c901de43eca2aa68) Importer(815301076,1909f56bfc062723c751e8b465ee728b)
Start importing Assets/Content/UI/ui.png using Guid(7213c0e582f07854c901de43eca2aa68) Importer(815301076,1909f56bfc062723c751e8b465ee728b)  -> (artifact id: '1ee323ef4325e96103053abf35927824') in 0.121268 seconds 
========================================================================
Received Import Request.
  Time since last request: 30.202939 seconds.
  path: Assets/Content/UI/ui.png
  artifactKey: Guid(7213c0e582f07854c901de43eca2aa68) Importer(815301076,1909f56bfc062723c751e8b465ee728b)
Start importing Assets/Content/UI/ui.png using Guid(7213c0e582f07854c901de43eca2aa68) Importer(815301076,1909f56bfc062723c751e8b465ee728b)  -> (artifact id: '8ece155d7bb4db7dd7ad3a4e2b6eb080') in 0.031485 seconds 
========================================================================
Received Import Request.
  Time since last request: 16947.970052 seconds.
  path: Assets/Content/UI/ui.png
  artifactKey: Guid(7213c0e582f07854c901de43eca2aa68) Importer(815301076,1909f56bfc062723c751e8b465ee728b)
Start importing Assets/Content/UI/ui.png using Guid(7213c0e582f07854c901de43eca2aa68) Importer(815301076,1909f56bfc062723c751e8b465ee728b)  -> (artifact id: 'f0f34900a87d1746a9675ec42b5b17f9') in 0.029494 seconds 
========================================================================
Received Import Request.
  Time since last request: 206.277884 seconds.
  path: Assets/Content/UI/ui.png
  artifactKey: Guid(7213c0e582f07854c901de43eca2aa68) Importer(815301076,1909f56bfc062723c751e8b465ee728b)
Start importing Assets/Content/UI/ui.png using Guid(7213c0e582f07854c901de43eca2aa68) Importer(815301076,1909f56bfc062723c751e8b465ee728b)  -> (artifact id: '619f9fcf9110fdf3ebcbf6463ae28b79') in 0.031731 seconds 
========================================================================
Received Import Request.
  Time since last request: 8.604243 seconds.
  path: Assets/Content/UI/ui.png
  artifactKey: Guid(7213c0e582f07854c901de43eca2aa68) Importer(815301076,1909f56bfc062723c751e8b465ee728b)
Start importing Assets/Content/UI/ui.png using Guid(7213c0e582f07854c901de43eca2aa68) Importer(815301076,1909f56bfc062723c751e8b465ee728b)  -> (artifact id: '51d8a21eb19d45c645609ad5c8d43628') in 0.027946 seconds 
========================================================================
Received Import Request.
  Time since last request: 124.598217 seconds.
  path: Assets/Content/UI/ui.png
  artifactKey: Guid(7213c0e582f07854c901de43eca2aa68) Importer(815301076,1909f56bfc062723c751e8b465ee728b)
Start importing Assets/Content/UI/ui.png using Guid(7213c0e582f07854c901de43eca2aa68) Importer(815301076,1909f56bfc062723c751e8b465ee728b)  -> (artifact id: '11f7e4ddfc8579a2b405054d2dce2341') in 0.030739 seconds 
========================================================================
Received Import Request.
  Time since last request: 20.912718 seconds.
  path: Assets/Content/UI/ui.png
  artifactKey: Guid(7213c0e582f07854c901de43eca2aa68) Importer(815301076,1909f56bfc062723c751e8b465ee728b)
Start importing Assets/Content/UI/ui.png using Guid(7213c0e582f07854c901de43eca2aa68) Importer(815301076,1909f56bfc062723c751e8b465ee728b)  -> (artifact id: '39eb25683726e0f0e61d1029fd101eb9') in 0.037110 seconds 
========================================================================
Received Import Request.
  Time since last request: 49.654653 seconds.
  path: Assets/Content/UI/ui.png
  artifactKey: Guid(7213c0e582f07854c901de43eca2aa68) Importer(815301076,1909f56bfc062723c751e8b465ee728b)
Start importing Assets/Content/UI/ui.png using Guid(7213c0e582f07854c901de43eca2aa68) Importer(815301076,1909f56bfc062723c751e8b465ee728b)  -> (artifact id: 'e764ae8eb697916fd7d945dfe43411f8') in 0.031175 seconds 
========================================================================
Received Import Request.
  Time since last request: 59.522043 seconds.
  path: Assets/Content/UI/objects.png
  artifactKey: Guid(b58a9b80546911241a67c855942121b0) Importer(815301076,1909f56bfc062723c751e8b465ee728b)
Start importing Assets/Content/UI/objects.png using Guid(b58a9b80546911241a67c855942121b0) Importer(815301076,1909f56bfc062723c751e8b465ee728b)  -> (artifact id: 'b0ae0504768125c90f602daccaba85bc') in 0.029198 seconds 
========================================================================
Received Prepare
Registering precompiled user dll's ...
Registered in 0.004701 seconds.
Begin MonoManager ReloadAssembly
Symbol file LoadedFromMemory doesn't match image C:\Users\Ben\Documents\dev\CoffeeBreak\Library\PackageCache\com.unity.visualscripting@1.7.5\Editor\VisualScripting.Core\Dependencies\YamlDotNet\Unity.VisualScripting.YamlDotNet.dll
Symbol file LoadedFromMemory doesn't match image C:\Users\Ben\Documents\dev\CoffeeBreak\Library\PackageCache\com.unity.visualscripting@1.7.5\Editor\VisualScripting.Core\Dependencies\DotNetZip\Unity.VisualScripting.IonicZip.dll
Native extension for WindowsStandalone target not found
Native extension for WebGL target not found
Refreshing native plugins compatible for Editor in 1.04 ms, found 4 plugins.
Preloading 0 native plugins for Editor in 0.00 ms.
Mono: successfully reloaded assembly
- Completed reload, in  1.272 seconds
Domain Reload Profiling:
	ReloadAssembly (1273ms)
		BeginReloadAssembly (143ms)
			ExecutionOrderSort (0ms)
			DisableScriptedObjects (6ms)
			BackupInstance (0ms)
			ReleaseScriptingObjects (0ms)
			CreateAndSetChildDomain (44ms)
		EndReloadAssembly (1026ms)
			LoadAssemblies (77ms)
			RebuildTransferFunctionScriptingTraits (0ms)
			SetupTypeCache (258ms)
			ReleaseScriptCaches (2ms)
			RebuildScriptCaches (45ms)
			SetupLoadedEditorAssemblies (510ms)
				LogAssemblyErrors (0ms)
				InitializePlatformSupportModulesInManaged (12ms)
				SetLoadedEditorAssemblies (1ms)
				RefreshPlugins (1ms)
				BeforeProcessingInitializeOnLoad (82ms)
				ProcessInitializeOnLoadAttributes (344ms)
				ProcessInitializeOnLoadMethodAttributes (66ms)
				AfterProcessingInitializeOnLoad (5ms)
				EditorAssembliesLoaded (0ms)
			ExecutionOrderSort2 (0ms)
			AwakeInstancesAfterBackupRestoration (11ms)
Platform modules already initialized, skipping
Refreshing native plugins compatible for Editor in 1.00 ms, found 4 plugins.
Preloading 0 native plugins for Editor in 0.00 ms.
Unloading 5569 Unused Serialized files (Serialized files now loaded: 0)
Unloading 43 unused Assets / (1.1 MB). Loaded Objects now: 6234.
Memory consumption went from 227.9 MB to 226.8 MB.
Total: 5.070500 ms (FindLiveObjects: 0.442000 ms CreateObjectMapping: 0.372000 ms MarkObjects: 3.650100 ms  DeleteObjects: 0.605100 ms)

AssetImportParameters requested are different than current active one (requested -> active):
  custom:video-decoder-ogg-theora: a1e56fd34408186e4bbccfd4996cb3dc -> 
  custom:container-muxer-webm: aa71ff27fc2769a1b78a27578f13a17b -> 
  custom:container-demuxer-webm: 4f35f7cbe854078d1ac9338744f61a02 -> 
  custom:video-encoder-webm-vp8: eb34c28f22e8b96e1ab97ce403110664 -> 
  custom:audio-encoder-webm-vorbis: bf7c407c2cedff20999df2af8eb42d56 -> 
  custom:framework-win-MediaFoundation: 216162199b28c13a410421893ffa2e32 -> 
  custom:container-demuxer-ogg: 62fdf1f143b41e24485cea50d1cbac27 -> 
  custom:video-decoder-webm-vp8: 9c59270c3fd7afecdb556c50c9e8de78 -> 
  custom:audio-decoder-ogg-vorbis: bf7c407c2cedff20999df2af8eb42d56 -> 
========================================================================
Received Import Request.
  Time since last request: 12841.859568 seconds.
  path: Assets/Content/Victoria/Victoria_new.png
  artifactKey: Guid(ecc83762960b5e84585163b6e644e878) Importer(815301076,1909f56bfc062723c751e8b465ee728b)
Start importing Assets/Content/Victoria/Victoria_new.png using Guid(ecc83762960b5e84585163b6e644e878) Importer(815301076,1909f56bfc062723c751e8b465ee728b)  -> (artifact id: 'af18ad9648783e8de10b6ea21a8a3939') in 0.069897 seconds 
========================================================================
Received Import Request.
  Time since last request: 10.900948 seconds.
  path: Assets/Content/Victoria/Victoria_new.png
  artifactKey: Guid(ecc83762960b5e84585163b6e644e878) Importer(815301076,1909f56bfc062723c751e8b465ee728b)
Start importing Assets/Content/Victoria/Victoria_new.png using Guid(ecc83762960b5e84585163b6e644e878) Importer(815301076,1909f56bfc062723c751e8b465ee728b)  -> (artifact id: '63c922e899a611f5217226f9d29a623f') in 0.021122 seconds 
========================================================================
Received Import Request.
  Time since last request: 12.735576 seconds.
  path: Assets/Content/Victoria/Victoria_new.png
  artifactKey: Guid(ecc83762960b5e84585163b6e644e878) Importer(815301076,1909f56bfc062723c751e8b465ee728b)
Start importing Assets/Content/Victoria/Victoria_new.png using Guid(ecc83762960b5e84585163b6e644e878) Importer(815301076,1909f56bfc062723c751e8b465ee728b)  -> (artifact id: 'c34ec72ba87120cfea77a4f239dd63a4') in 0.013316 seconds 
========================================================================
Received Import Request.
  Time since last request: 161.504458 seconds.
  path: Assets/Content/Victoria/walk.anim
  artifactKey: Guid(5b12ac28821bf7546b22cc1a89f427cd) Importer(815301076,1909f56bfc062723c751e8b465ee728b)
Start importing Assets/Content/Victoria/walk.anim using Guid(5b12ac28821bf7546b22cc1a89f427cd) Importer(815301076,1909f56bfc062723c751e8b465ee728b)  -> (artifact id: '759afb1f14fbfd7b7f505d7f75d5cc1e') in 0.016950 seconds 
========================================================================
Received Import Request.
  Time since last request: 3.734731 seconds.
  path: Assets/Content/Victoria/Player.png
  artifactKey: Guid(ecc83762960b5e84585163b6e644e878) Importer(815301076,1909f56bfc062723c751e8b465ee728b)
Start importing Assets/Content/Victoria/Player.png using Guid(ecc83762960b5e84585163b6e644e878) Importer(815301076,1909f56bfc062723c751e8b465ee728b)  -> (artifact id: '79ccc32fc4b1a4c285445a6a9c91e25f') in 0.013295 seconds 
========================================================================
Received Import Request.
  Time since last request: 11.182844 seconds.
  path: Assets/Content/Victoria/Player.png
  artifactKey: Guid(ecc83762960b5e84585163b6e644e878) Importer(815301076,1909f56bfc062723c751e8b465ee728b)
Start importing Assets/Content/Victoria/Player.png using Guid(ecc83762960b5e84585163b6e644e878) Importer(815301076,1909f56bfc062723c751e8b465ee728b)  -> (artifact id: 'f384b6998aca24abfc30fce9643f5dbc') in 0.120317 seconds 
========================================================================
Received Import Request.
  Time since last request: 19.068564 seconds.
  path: Assets/Content/Victoria/Victoria.controller
  artifactKey: Guid(2acb8d41f9a9460499fcc5c26693bdd4) Importer(815301076,1909f56bfc062723c751e8b465ee728b)
Start importing Assets/Content/Victoria/Victoria.controller using Guid(2acb8d41f9a9460499fcc5c26693bdd4) Importer(815301076,1909f56bfc062723c751e8b465ee728b)  -> (artifact id: '7dad9be78f6feddda5423e40386397ab') in 0.035865 seconds 
========================================================================
Received Import Request.
  Time since last request: 220.047385 seconds.
  path: Assets/Content/Victoria/idle.anim
  artifactKey: Guid(244cc3a156e9aeb469d9ea8ee958157e) Importer(815301076,1909f56bfc062723c751e8b465ee728b)
Start importing Assets/Content/Victoria/idle.anim using Guid(244cc3a156e9aeb469d9ea8ee958157e) Importer(815301076,1909f56bfc062723c751e8b465ee728b)  -> (artifact id: '84cc3819954632909f2826a437feeee7') in 0.010112 seconds 
========================================================================
Received Import Request.
  Time since last request: 232.537541 seconds.
  path: Assets/Content/Victoria/Player.png
  artifactKey: Guid(ecc83762960b5e84585163b6e644e878) Importer(815301076,1909f56bfc062723c751e8b465ee728b)
Start importing Assets/Content/Victoria/Player.png using Guid(ecc83762960b5e84585163b6e644e878) Importer(815301076,1909f56bfc062723c751e8b465ee728b)  -> (artifact id: '2c88372348cde70098e509325b6279b5') in 0.146607 seconds 
========================================================================
Received Prepare
Registering precompiled user dll's ...
Registered in 0.005004 seconds.
Begin MonoManager ReloadAssembly
Symbol file LoadedFromMemory doesn't match image C:\Users\Ben\Documents\dev\CoffeeBreak\Library\PackageCache\com.unity.visualscripting@1.7.5\Editor\VisualScripting.Core\Dependencies\YamlDotNet\Unity.VisualScripting.YamlDotNet.dll
Symbol file LoadedFromMemory doesn't match image C:\Users\Ben\Documents\dev\CoffeeBreak\Library\PackageCache\com.unity.visualscripting@1.7.5\Editor\VisualScripting.Core\Dependencies\DotNetZip\Unity.VisualScripting.IonicZip.dll
Native extension for WindowsStandalone target not found
Native extension for WebGL target not found
Refreshing native plugins compatible for Editor in 1.04 ms, found 4 plugins.
Preloading 0 native plugins for Editor in 0.00 ms.
Mono: successfully reloaded assembly
- Completed reload, in  1.355 seconds
Domain Reload Profiling:
	ReloadAssembly (1356ms)
		BeginReloadAssembly (124ms)
			ExecutionOrderSort (0ms)
			DisableScriptedObjects (8ms)
			BackupInstance (0ms)
			ReleaseScriptingObjects (0ms)
			CreateAndSetChildDomain (43ms)
		EndReloadAssembly (1144ms)
			LoadAssemblies (72ms)
			RebuildTransferFunctionScriptingTraits (0ms)
			SetupTypeCache (287ms)
			ReleaseScriptCaches (2ms)
			RebuildScriptCaches (52ms)
			SetupLoadedEditorAssemblies (585ms)
				LogAssemblyErrors (0ms)
				InitializePlatformSupportModulesInManaged (15ms)
				SetLoadedEditorAssemblies (0ms)
				RefreshPlugins (1ms)
				BeforeProcessingInitializeOnLoad (87ms)
				ProcessInitializeOnLoadAttributes (396ms)
				ProcessInitializeOnLoadMethodAttributes (80ms)
				AfterProcessingInitializeOnLoad (5ms)
				EditorAssembliesLoaded (0ms)
			ExecutionOrderSort2 (0ms)
			AwakeInstancesAfterBackupRestoration (15ms)
Platform modules already initialized, skipping
Refreshing native plugins compatible for Editor in 1.05 ms, found 4 plugins.
Preloading 0 native plugins for Editor in 0.00 ms.
Unloading 5568 Unused Serialized files (Serialized files now loaded: 0)
Unloading 43 unused Assets / (1.1 MB). Loaded Objects now: 6326.
Memory consumption went from 230.4 MB to 229.3 MB.
Total: 4.736900 ms (FindLiveObjects: 0.447500 ms CreateObjectMapping: 0.444700 ms MarkObjects: 3.373700 ms  DeleteObjects: 0.469700 ms)

AssetImportParameters requested are different than current active one (requested -> active):
  custom:video-decoder-ogg-theora: a1e56fd34408186e4bbccfd4996cb3dc -> 
  custom:container-muxer-webm: aa71ff27fc2769a1b78a27578f13a17b -> 
  custom:container-demuxer-webm: 4f35f7cbe854078d1ac9338744f61a02 -> 
  custom:video-encoder-webm-vp8: eb34c28f22e8b96e1ab97ce403110664 -> 
  custom:audio-encoder-webm-vorbis: bf7c407c2cedff20999df2af8eb42d56 -> 
  custom:framework-win-MediaFoundation: 216162199b28c13a410421893ffa2e32 -> 
  custom:container-demuxer-ogg: 62fdf1f143b41e24485cea50d1cbac27 -> 
  custom:video-decoder-webm-vp8: 9c59270c3fd7afecdb556c50c9e8de78 -> 
  custom:audio-decoder-ogg-vorbis: bf7c407c2cedff20999df2af8eb42d56 -> 
========================================================================
Received Prepare
Registering precompiled user dll's ...
Registered in 0.004918 seconds.
Begin MonoManager ReloadAssembly
Symbol file LoadedFromMemory doesn't match image C:\Users\Ben\Documents\dev\CoffeeBreak\Library\PackageCache\com.unity.visualscripting@1.7.5\Editor\VisualScripting.Core\Dependencies\YamlDotNet\Unity.VisualScripting.YamlDotNet.dll
Symbol file LoadedFromMemory doesn't match image C:\Users\Ben\Documents\dev\CoffeeBreak\Library\PackageCache\com.unity.visualscripting@1.7.5\Editor\VisualScripting.Core\Dependencies\DotNetZip\Unity.VisualScripting.IonicZip.dll
Native extension for WindowsStandalone target not found
Native extension for WebGL target not found
Refreshing native plugins compatible for Editor in 1.43 ms, found 4 plugins.
Preloading 0 native plugins for Editor in 0.00 ms.
Mono: successfully reloaded assembly
- Completed reload, in  1.376 seconds
Domain Reload Profiling:
	ReloadAssembly (1377ms)
		BeginReloadAssembly (121ms)
			ExecutionOrderSort (0ms)
			DisableScriptedObjects (8ms)
			BackupInstance (0ms)
			ReleaseScriptingObjects (0ms)
			CreateAndSetChildDomain (41ms)
		EndReloadAssembly (1168ms)
			LoadAssemblies (70ms)
			RebuildTransferFunctionScriptingTraits (0ms)
			SetupTypeCache (297ms)
			ReleaseScriptCaches (2ms)
			RebuildScriptCaches (53ms)
			SetupLoadedEditorAssemblies (593ms)
				LogAssemblyErrors (0ms)
				InitializePlatformSupportModulesInManaged (16ms)
				SetLoadedEditorAssemblies (1ms)
				RefreshPlugins (1ms)
				BeforeProcessingInitializeOnLoad (95ms)
				ProcessInitializeOnLoadAttributes (396ms)
				ProcessInitializeOnLoadMethodAttributes (78ms)
				AfterProcessingInitializeOnLoad (5ms)
				EditorAssembliesLoaded (0ms)
			ExecutionOrderSort2 (0ms)
			AwakeInstancesAfterBackupRestoration (15ms)
Platform modules already initialized, skipping
Refreshing native plugins compatible for Editor in 1.09 ms, found 4 plugins.
Preloading 0 native plugins for Editor in 0.00 ms.
Unloading 5567 Unused Serialized files (Serialized files now loaded: 0)
Unloading 43 unused Assets / (1.1 MB). Loaded Objects now: 6328.
Memory consumption went from 230.3 MB to 229.3 MB.
Total: 5.009600 ms (FindLiveObjects: 0.454600 ms CreateObjectMapping: 0.441800 ms MarkObjects: 3.630300 ms  DeleteObjects: 0.481900 ms)

AssetImportParameters requested are different than current active one (requested -> active):
  custom:video-decoder-ogg-theora: a1e56fd34408186e4bbccfd4996cb3dc -> 
  custom:container-muxer-webm: aa71ff27fc2769a1b78a27578f13a17b -> 
  custom:container-demuxer-webm: 4f35f7cbe854078d1ac9338744f61a02 -> 
  custom:video-encoder-webm-vp8: eb34c28f22e8b96e1ab97ce403110664 -> 
  custom:audio-encoder-webm-vorbis: bf7c407c2cedff20999df2af8eb42d56 -> 
  custom:framework-win-MediaFoundation: 216162199b28c13a410421893ffa2e32 -> 
  custom:container-demuxer-ogg: 62fdf1f143b41e24485cea50d1cbac27 -> 
  custom:video-decoder-webm-vp8: 9c59270c3fd7afecdb556c50c9e8de78 -> 
  custom:audio-decoder-ogg-vorbis: bf7c407c2cedff20999df2af8eb42d56 -> 
========================================================================
Received Prepare
Registering precompiled user dll's ...
Registered in 0.004634 seconds.
Begin MonoManager ReloadAssembly
Symbol file LoadedFromMemory doesn't match image C:\Users\Ben\Documents\dev\CoffeeBreak\Library\PackageCache\com.unity.visualscripting@1.7.5\Editor\VisualScripting.Core\Dependencies\YamlDotNet\Unity.VisualScripting.YamlDotNet.dll
Symbol file LoadedFromMemory doesn't match image C:\Users\Ben\Documents\dev\CoffeeBreak\Library\PackageCache\com.unity.visualscripting@1.7.5\Editor\VisualScripting.Core\Dependencies\DotNetZip\Unity.VisualScripting.IonicZip.dll
Native extension for WindowsStandalone target not found
Native extension for WebGL target not found
Refreshing native plugins compatible for Editor in 1.06 ms, found 4 plugins.
Preloading 0 native plugins for Editor in 0.00 ms.
Mono: successfully reloaded assembly
- Completed reload, in  1.393 seconds
Domain Reload Profiling:
	ReloadAssembly (1394ms)
		BeginReloadAssembly (132ms)
			ExecutionOrderSort (0ms)
			DisableScriptedObjects (9ms)
			BackupInstance (0ms)
			ReleaseScriptingObjects (0ms)
			CreateAndSetChildDomain (40ms)
		EndReloadAssembly (1171ms)
			LoadAssemblies (71ms)
			RebuildTransferFunctionScriptingTraits (0ms)
			SetupTypeCache (291ms)
			ReleaseScriptCaches (2ms)
			RebuildScriptCaches (56ms)
			SetupLoadedEditorAssemblies (599ms)
				LogAssemblyErrors (0ms)
				InitializePlatformSupportModulesInManaged (15ms)
				SetLoadedEditorAssemblies (1ms)
				RefreshPlugins (1ms)
				BeforeProcessingInitializeOnLoad (90ms)
				ProcessInitializeOnLoadAttributes (403ms)
				ProcessInitializeOnLoadMethodAttributes (84ms)
				AfterProcessingInitializeOnLoad (5ms)
				EditorAssembliesLoaded (0ms)
			ExecutionOrderSort2 (0ms)
			AwakeInstancesAfterBackupRestoration (17ms)
Platform modules already initialized, skipping
Refreshing native plugins compatible for Editor in 1.16 ms, found 4 plugins.
Preloading 0 native plugins for Editor in 0.00 ms.
Unloading 5567 Unused Serialized files (Serialized files now loaded: 0)
Unloading 43 unused Assets / (1.1 MB). Loaded Objects now: 6330.
Memory consumption went from 230.4 MB to 229.3 MB.
Total: 4.614900 ms (FindLiveObjects: 0.569100 ms CreateObjectMapping: 0.458400 ms MarkObjects: 3.117600 ms  DeleteObjects: 0.469000 ms)

AssetImportParameters requested are different than current active one (requested -> active):
  custom:video-decoder-ogg-theora: a1e56fd34408186e4bbccfd4996cb3dc -> 
  custom:container-muxer-webm: aa71ff27fc2769a1b78a27578f13a17b -> 
  custom:container-demuxer-webm: 4f35f7cbe854078d1ac9338744f61a02 -> 
  custom:video-encoder-webm-vp8: eb34c28f22e8b96e1ab97ce403110664 -> 
  custom:audio-encoder-webm-vorbis: bf7c407c2cedff20999df2af8eb42d56 -> 
  custom:framework-win-MediaFoundation: 216162199b28c13a410421893ffa2e32 -> 
  custom:container-demuxer-ogg: 62fdf1f143b41e24485cea50d1cbac27 -> 
  custom:video-decoder-webm-vp8: 9c59270c3fd7afecdb556c50c9e8de78 -> 
  custom:audio-decoder-ogg-vorbis: bf7c407c2cedff20999df2af8eb42d56 -> 
========================================================================
Received Import Request.
  Time since last request: 1992.657334 seconds.
  path: Assets/Content/UI/phrases.png
  artifactKey: Guid(5a211b4f9c85fb64fb4e40294d69af80) Importer(815301076,1909f56bfc062723c751e8b465ee728b)
Start importing Assets/Content/UI/phrases.png using Guid(5a211b4f9c85fb64fb4e40294d69af80) Importer(815301076,1909f56bfc062723c751e8b465ee728b)  -> (artifact id: '5de29f2714227ae25e4b3fc9543f1870') in 0.077372 seconds 
========================================================================
Received Import Request.
  Time since last request: 39.954329 seconds.
  path: Assets/Content/UI/phrases.png
  artifactKey: Guid(5a211b4f9c85fb64fb4e40294d69af80) Importer(815301076,1909f56bfc062723c751e8b465ee728b)
Start importing Assets/Content/UI/phrases.png using Guid(5a211b4f9c85fb64fb4e40294d69af80) Importer(815301076,1909f56bfc062723c751e8b465ee728b)  -> (artifact id: '53543015dd89ac99331457ad1b622277') in 0.023413 seconds 
========================================================================
Received Import Request.
  Time since last request: 311.648848 seconds.
  path: Assets/Content/UI/phrases.png
  artifactKey: Guid(5a211b4f9c85fb64fb4e40294d69af80) Importer(815301076,1909f56bfc062723c751e8b465ee728b)
Start importing Assets/Content/UI/phrases.png using Guid(5a211b4f9c85fb64fb4e40294d69af80) Importer(815301076,1909f56bfc062723c751e8b465ee728b)  -> (artifact id: 'ad23c6f5648ed34abb9036c09a24fb25') in 0.016380 seconds 
========================================================================
Received Import Request.
  Time since last request: 798.998057 seconds.
  path: Assets/Content/UI/phrases.png
  artifactKey: Guid(5a211b4f9c85fb64fb4e40294d69af80) Importer(815301076,1909f56bfc062723c751e8b465ee728b)
Start importing Assets/Content/UI/phrases.png using Guid(5a211b4f9c85fb64fb4e40294d69af80) Importer(815301076,1909f56bfc062723c751e8b465ee728b)  -> (artifact id: 'bc36e9cd8f9e7e656561bd9bc3f137e0') in 0.022808 seconds 
========================================================================
Received Prepare
Registering precompiled user dll's ...
Registered in 0.004768 seconds.
Begin MonoManager ReloadAssembly
Symbol file LoadedFromMemory doesn't match image C:\Users\Ben\Documents\dev\CoffeeBreak\Library\PackageCache\com.unity.visualscripting@1.7.5\Editor\VisualScripting.Core\Dependencies\YamlDotNet\Unity.VisualScripting.YamlDotNet.dll
Symbol file LoadedFromMemory doesn't match image C:\Users\Ben\Documents\dev\CoffeeBreak\Library\PackageCache\com.unity.visualscripting@1.7.5\Editor\VisualScripting.Core\Dependencies\DotNetZip\Unity.VisualScripting.IonicZip.dll
Native extension for WindowsStandalone target not found
Native extension for WebGL target not found
Refreshing native plugins compatible for Editor in 1.05 ms, found 4 plugins.
Preloading 0 native plugins for Editor in 0.00 ms.
Mono: successfully reloaded assembly
- Completed reload, in  1.229 seconds
Domain Reload Profiling:
	ReloadAssembly (1230ms)
		BeginReloadAssembly (125ms)
			ExecutionOrderSort (0ms)
			DisableScriptedObjects (7ms)
			BackupInstance (0ms)
			ReleaseScriptingObjects (0ms)
			CreateAndSetChildDomain (39ms)
		EndReloadAssembly (1019ms)
			LoadAssemblies (66ms)
			RebuildTransferFunctionScriptingTraits (0ms)
			SetupTypeCache (241ms)
			ReleaseScriptCaches (2ms)
			RebuildScriptCaches (46ms)
			SetupLoadedEditorAssemblies (509ms)
				LogAssemblyErrors (0ms)
				InitializePlatformSupportModulesInManaged (11ms)
				SetLoadedEditorAssemblies (0ms)
				RefreshPlugins (1ms)
				BeforeProcessingInitializeOnLoad (81ms)
				ProcessInitializeOnLoadAttributes (343ms)
				ProcessInitializeOnLoadMethodAttributes (67ms)
				AfterProcessingInitializeOnLoad (5ms)
				EditorAssembliesLoaded (0ms)
			ExecutionOrderSort2 (0ms)
			AwakeInstancesAfterBackupRestoration (15ms)
Platform modules already initialized, skipping
Refreshing native plugins compatible for Editor in 1.01 ms, found 4 plugins.
Preloading 0 native plugins for Editor in 0.00 ms.
Unloading 5568 Unused Serialized files (Serialized files now loaded: 0)
Unloading 43 unused Assets / (1.1 MB). Loaded Objects now: 6392.
Memory consumption went from 232.0 MB to 230.9 MB.
Total: 4.986000 ms (FindLiveObjects: 0.456900 ms CreateObjectMapping: 0.418800 ms MarkObjects: 3.671700 ms  DeleteObjects: 0.437600 ms)

AssetImportParameters requested are different than current active one (requested -> active):
  custom:video-decoder-ogg-theora: a1e56fd34408186e4bbccfd4996cb3dc -> 
  custom:container-muxer-webm: aa71ff27fc2769a1b78a27578f13a17b -> 
  custom:container-demuxer-webm: 4f35f7cbe854078d1ac9338744f61a02 -> 
  custom:video-encoder-webm-vp8: eb34c28f22e8b96e1ab97ce403110664 -> 
  custom:audio-encoder-webm-vorbis: bf7c407c2cedff20999df2af8eb42d56 -> 
  custom:framework-win-MediaFoundation: 216162199b28c13a410421893ffa2e32 -> 
  custom:container-demuxer-ogg: 62fdf1f143b41e24485cea50d1cbac27 -> 
  custom:video-decoder-webm-vp8: 9c59270c3fd7afecdb556c50c9e8de78 -> 
  custom:audio-decoder-ogg-vorbis: bf7c407c2cedff20999df2af8eb42d56 -> 
========================================================================
Received Import Request.
  Time since last request: 13620.533795 seconds.
  path: Assets/Content/Enemies/male_bald_brown_black.png
  artifactKey: Guid(0f40c037a774c824e905abda69b51e1a) Importer(815301076,1909f56bfc062723c751e8b465ee728b)
Start importing Assets/Content/Enemies/male_bald_brown_black.png using Guid(0f40c037a774c824e905abda69b51e1a) Importer(815301076,1909f56bfc062723c751e8b465ee728b)  -> (artifact id: 'b51659c585030ad73c6c282985bc9aa0') in 0.074165 seconds 
========================================================================
Received Prepare
Registering precompiled user dll's ...
Registered in 0.005010 seconds.
Begin MonoManager ReloadAssembly
Symbol file LoadedFromMemory doesn't match image C:\Users\Ben\Documents\dev\CoffeeBreak\Library\PackageCache\com.unity.visualscripting@1.7.5\Editor\VisualScripting.Core\Dependencies\YamlDotNet\Unity.VisualScripting.YamlDotNet.dll
Symbol file LoadedFromMemory doesn't match image C:\Users\Ben\Documents\dev\CoffeeBreak\Library\PackageCache\com.unity.visualscripting@1.7.5\Editor\VisualScripting.Core\Dependencies\DotNetZip\Unity.VisualScripting.IonicZip.dll
Native extension for WindowsStandalone target not found
Native extension for WebGL target not found
Refreshing native plugins compatible for Editor in 1.11 ms, found 4 plugins.
Preloading 0 native plugins for Editor in 0.00 ms.
Mono: successfully reloaded assembly
- Completed reload, in  1.403 seconds
Domain Reload Profiling:
	ReloadAssembly (1403ms)
		BeginReloadAssembly (126ms)
			ExecutionOrderSort (0ms)
			DisableScriptedObjects (9ms)
			BackupInstance (0ms)
			ReleaseScriptingObjects (0ms)
			CreateAndSetChildDomain (40ms)
		EndReloadAssembly (1187ms)
			LoadAssemblies (75ms)
			RebuildTransferFunctionScriptingTraits (0ms)
			SetupTypeCache (292ms)
			ReleaseScriptCaches (3ms)
			RebuildScriptCaches (55ms)
			SetupLoadedEditorAssemblies (606ms)
				LogAssemblyErrors (0ms)
				InitializePlatformSupportModulesInManaged (14ms)
				SetLoadedEditorAssemblies (0ms)
				RefreshPlugins (1ms)
				BeforeProcessingInitializeOnLoad (92ms)
				ProcessInitializeOnLoadAttributes (409ms)
				ProcessInitializeOnLoadMethodAttributes (82ms)
				AfterProcessingInitializeOnLoad (6ms)
				EditorAssembliesLoaded (0ms)
			ExecutionOrderSort2 (0ms)
			AwakeInstancesAfterBackupRestoration (16ms)
Platform modules already initialized, skipping
Refreshing native plugins compatible for Editor in 1.19 ms, found 4 plugins.
Preloading 0 native plugins for Editor in 0.00 ms.
Unloading 5567 Unused Serialized files (Serialized files now loaded: 0)
Unloading 43 unused Assets / (1.1 MB). Loaded Objects now: 6408.
Memory consumption went from 232.4 MB to 231.3 MB.
Total: 4.740800 ms (FindLiveObjects: 0.468100 ms CreateObjectMapping: 0.393400 ms MarkObjects: 3.336100 ms  DeleteObjects: 0.542000 ms)

AssetImportParameters requested are different than current active one (requested -> active):
  custom:video-decoder-ogg-theora: a1e56fd34408186e4bbccfd4996cb3dc -> 
  custom:container-muxer-webm: aa71ff27fc2769a1b78a27578f13a17b -> 
  custom:container-demuxer-webm: 4f35f7cbe854078d1ac9338744f61a02 -> 
  custom:video-encoder-webm-vp8: eb34c28f22e8b96e1ab97ce403110664 -> 
  custom:audio-encoder-webm-vorbis: bf7c407c2cedff20999df2af8eb42d56 -> 
  custom:framework-win-MediaFoundation: 216162199b28c13a410421893ffa2e32 -> 
  custom:container-demuxer-ogg: 62fdf1f143b41e24485cea50d1cbac27 -> 
  custom:video-decoder-webm-vp8: 9c59270c3fd7afecdb556c50c9e8de78 -> 
  custom:audio-decoder-ogg-vorbis: bf7c407c2cedff20999df2af8eb42d56 -> 
========================================================================
Received Import Request.
  Time since last request: 1648.532035 seconds.
  path: Assets/Content/Enemies/male_white_grey_grey.png
  artifactKey: Guid(fb8b161f6c224b049bf2f533a807956d) Importer(815301076,1909f56bfc062723c751e8b465ee728b)
Start importing Assets/Content/Enemies/male_white_grey_grey.png using Guid(fb8b161f6c224b049bf2f533a807956d) Importer(815301076,1909f56bfc062723c751e8b465ee728b)  -> (artifact id: 'f3bcf45495a3c95bee51d5edd170921d') in 0.061322 seconds 
========================================================================
Received Import Request.
  Time since last request: 2.202719 seconds.
  path: Assets/Content/Enemies/male_brown_bald_white.png
  artifactKey: Guid(faaaa22207fdf984d84f1481be567146) Importer(815301076,1909f56bfc062723c751e8b465ee728b)
Start importing Assets/Content/Enemies/male_brown_bald_white.png using Guid(faaaa22207fdf984d84f1481be567146) Importer(815301076,1909f56bfc062723c751e8b465ee728b)  -> (artifact id: 'ab71dccc05906d3362e1ccf201aa97c0') in 0.021653 seconds 
========================================================================
Received Import Request.
  Time since last request: 6.450084 seconds.
  path: Assets/Content/Enemies/girl.png
  artifactKey: Guid(c10cc9ad7a05aa54db7a6c12b4117606) Importer(815301076,1909f56bfc062723c751e8b465ee728b)
Start importing Assets/Content/Enemies/girl.png using Guid(c10cc9ad7a05aa54db7a6c12b4117606) Importer(815301076,1909f56bfc062723c751e8b465ee728b)  -> (artifact id: '16e10fe89ab6991105d4dd391ea300d2') in 0.022537 seconds 
========================================================================
Received Import Request.
  Time since last request: 413.887076 seconds.
  path: Assets/Content/Enemies/karen.png
  artifactKey: Guid(ad9bc6be388474c4896aaba93f99aed8) Importer(815301076,1909f56bfc062723c751e8b465ee728b)
Start importing Assets/Content/Enemies/karen.png using Guid(ad9bc6be388474c4896aaba93f99aed8) Importer(815301076,1909f56bfc062723c751e8b465ee728b)  -> (artifact id: '5a809e5c07120a52cb6e3ad0ae96270c') in 0.022089 seconds 
========================================================================
Received Import Request.
  Time since last request: 1.408110 seconds.
  path: Assets/Content/Enemies/karen_brown_grey_grey.png
  artifactKey: Guid(fe99c26125649e749985631008789454) Importer(815301076,1909f56bfc062723c751e8b465ee728b)
Start importing Assets/Content/Enemies/karen_brown_grey_grey.png using Guid(fe99c26125649e749985631008789454) Importer(815301076,1909f56bfc062723c751e8b465ee728b)  -> (artifact id: '6bb9ac2007b09173520616d82597d1a1') in 0.023042 seconds 
========================================================================
Received Import Request.
  Time since last request: 0.759528 seconds.
  path: Assets/Content/Enemies/karen_white_brown_grey.png
  artifactKey: Guid(df6d7bb78fdeab24cbcfc9820550f1ab) Importer(815301076,1909f56bfc062723c751e8b465ee728b)
Start importing Assets/Content/Enemies/karen_white_brown_grey.png using Guid(df6d7bb78fdeab24cbcfc9820550f1ab) Importer(815301076,1909f56bfc062723c751e8b465ee728b)  -> (artifact id: '8d08959906c7b26aaf3e7209ecaf56e8') in 0.022606 seconds 
========================================================================
Received Import Request.
  Time since last request: 0.428533 seconds.
  path: Assets/Content/Enemies/karen_white_brown_pink.png
  artifactKey: Guid(17bce63068bf95849bf896819bb93804) Importer(815301076,1909f56bfc062723c751e8b465ee728b)
Start importing Assets/Content/Enemies/karen_white_brown_pink.png using Guid(17bce63068bf95849bf896819bb93804) Importer(815301076,1909f56bfc062723c751e8b465ee728b)  -> (artifact id: '65a3789ade91e43eab37efb0308be23e') in 0.020433 seconds 
========================================================================
Received Import Request.
  Time since last request: 63.766631 seconds.
  path: Assets/Content/Enemies/male_brown_bald_white.png
  artifactKey: Guid(faaaa22207fdf984d84f1481be567146) Importer(815301076,1909f56bfc062723c751e8b465ee728b)
Start importing Assets/Content/Enemies/male_brown_bald_white.png using Guid(faaaa22207fdf984d84f1481be567146) Importer(815301076,1909f56bfc062723c751e8b465ee728b)  -> (artifact id: '263a0852c3612c62cc25d4b34192b1fd') in 0.013458 seconds 
========================================================================
Received Import Request.
  Time since last request: 5.207814 seconds.
  path: Assets/Content/Enemies/karen_brown_grey_grey.png
  artifactKey: Guid(fe99c26125649e749985631008789454) Importer(815301076,1909f56bfc062723c751e8b465ee728b)
Start importing Assets/Content/Enemies/karen_brown_grey_grey.png using Guid(fe99c26125649e749985631008789454) Importer(815301076,1909f56bfc062723c751e8b465ee728b)  -> (artifact id: '105a6d61609390466c97d58e5ff85543') in 0.013289 seconds 
========================================================================
Received Import Request.
  Time since last request: 28.066276 seconds.
  path: Assets/Content/Enemies/karen_brown_grey_grey.png
  artifactKey: Guid(fe99c26125649e749985631008789454) Importer(815301076,1909f56bfc062723c751e8b465ee728b)
Start importing Assets/Content/Enemies/karen_brown_grey_grey.png using Guid(fe99c26125649e749985631008789454) Importer(815301076,1909f56bfc062723c751e8b465ee728b)  -> (artifact id: 'ba0b13b6e3adbf8f12056d9937c62f4e') in 0.125034 seconds 
========================================================================
Received Prepare
Registering precompiled user dll's ...
Registered in 0.005797 seconds.
Begin MonoManager ReloadAssembly
Symbol file LoadedFromMemory doesn't match image C:\Users\Ben\Documents\dev\CoffeeBreak\Library\PackageCache\com.unity.visualscripting@1.7.5\Editor\VisualScripting.Core\Dependencies\YamlDotNet\Unity.VisualScripting.YamlDotNet.dll
Symbol file LoadedFromMemory doesn't match image C:\Users\Ben\Documents\dev\CoffeeBreak\Library\PackageCache\com.unity.visualscripting@1.7.5\Editor\VisualScripting.Core\Dependencies\DotNetZip\Unity.VisualScripting.IonicZip.dll
Native extension for WindowsStandalone target not found
Native extension for WebGL target not found
Refreshing native plugins compatible for Editor in 1.71 ms, found 4 plugins.
Preloading 0 native plugins for Editor in 0.00 ms.
Mono: successfully reloaded assembly
- Completed reload, in  1.389 seconds
Domain Reload Profiling:
	ReloadAssembly (1390ms)
		BeginReloadAssembly (130ms)
			ExecutionOrderSort (0ms)
			DisableScriptedObjects (8ms)
			BackupInstance (0ms)
			ReleaseScriptingObjects (0ms)
			CreateAndSetChildDomain (42ms)
		EndReloadAssembly (1172ms)
			LoadAssemblies (72ms)
			RebuildTransferFunctionScriptingTraits (0ms)
			SetupTypeCache (279ms)
			ReleaseScriptCaches (2ms)
			RebuildScriptCaches (53ms)
			SetupLoadedEditorAssemblies (594ms)
				LogAssemblyErrors (0ms)
				InitializePlatformSupportModulesInManaged (13ms)
				SetLoadedEditorAssemblies (1ms)
				RefreshPlugins (2ms)
				BeforeProcessingInitializeOnLoad (89ms)
				ProcessInitializeOnLoadAttributes (404ms)
				ProcessInitializeOnLoadMethodAttributes (81ms)
				AfterProcessingInitializeOnLoad (5ms)
				EditorAssembliesLoaded (0ms)
			ExecutionOrderSort2 (0ms)
			AwakeInstancesAfterBackupRestoration (18ms)
Platform modules already initialized, skipping
Refreshing native plugins compatible for Editor in 1.03 ms, found 4 plugins.
Preloading 0 native plugins for Editor in 0.00 ms.
Unloading 5574 Unused Serialized files (Serialized files now loaded: 0)
Unloading 43 unused Assets / (1.1 MB). Loaded Objects now: 6557.
Memory consumption went from 237.4 MB to 236.3 MB.
Total: 5.822100 ms (FindLiveObjects: 0.840200 ms CreateObjectMapping: 0.812900 ms MarkObjects: 3.649000 ms  DeleteObjects: 0.518400 ms)

AssetImportParameters requested are different than current active one (requested -> active):
  custom:video-decoder-ogg-theora: a1e56fd34408186e4bbccfd4996cb3dc -> 
  custom:container-muxer-webm: aa71ff27fc2769a1b78a27578f13a17b -> 
  custom:container-demuxer-webm: 4f35f7cbe854078d1ac9338744f61a02 -> 
  custom:video-encoder-webm-vp8: eb34c28f22e8b96e1ab97ce403110664 -> 
  custom:audio-encoder-webm-vorbis: bf7c407c2cedff20999df2af8eb42d56 -> 
  custom:framework-win-MediaFoundation: 216162199b28c13a410421893ffa2e32 -> 
  custom:container-demuxer-ogg: 62fdf1f143b41e24485cea50d1cbac27 -> 
  custom:video-decoder-webm-vp8: 9c59270c3fd7afecdb556c50c9e8de78 -> 
  custom:audio-decoder-ogg-vorbis: bf7c407c2cedff20999df2af8eb42d56 -> 
========================================================================
Received Import Request.
  Time since last request: 408.562188 seconds.
  path: Assets/Content/Enemies/male_white_bald_black.png
  artifactKey: Guid(9983d95f87600a84ba971616e82e2cd3) Importer(815301076,1909f56bfc062723c751e8b465ee728b)
Start importing Assets/Content/Enemies/male_white_bald_black.png using Guid(9983d95f87600a84ba971616e82e2cd3) Importer(815301076,1909f56bfc062723c751e8b465ee728b)  -> (artifact id: 'b9037fa656f9959e1fcdf1768527af22') in 0.044462 seconds 
========================================================================
Received Import Request.
  Time since last request: 1.756348 seconds.
  path: Assets/Content/Enemies/male_white_bald_white.png
  artifactKey: Guid(57b01d468e17e9943ac7d0d72918b590) Importer(815301076,1909f56bfc062723c751e8b465ee728b)
Start importing Assets/Content/Enemies/male_white_bald_white.png using Guid(57b01d468e17e9943ac7d0d72918b590) Importer(815301076,1909f56bfc062723c751e8b465ee728b)  -> (artifact id: '78f49007ea0d29a3a86700ce90a735d4') in 0.016225 seconds 
